<?xml version="1.0" encoding="UTF-8"?>
<!-- Generated by org.testng.reporters.JUnitReportReporter -->
<testsuite skipped="0" hostname="DESKTOP-4RLKFEF" name="TestNgtestcases.SendKeysAddition" tests="1" failures="0" timestamp="2022-01-25T08:51:32 IST" time="8.990" errors="0">
  <testcase name="sendKeys" time="8.990" classname="TestNgtestcases.SendKeysAddition"/>
  <system-out/>
</testsuite> <!-- TestNgtestcases.SendKeysAddition -->
