<?xml version="1.0" encoding="UTF-8"?>
<!-- Generated by org.testng.reporters.JUnitReportReporter -->
<testsuite skipped="0" hostname="DESKTOP-4RLKFEF" name="TestNgtestcases.InitialTestCases" tests="2" failures="0" timestamp="2022-01-24T08:28:06 IST" time="0.092" errors="0">
  <testcase name="titleVerification" time="0.074" classname="TestNgtestcases.InitialTestCases"/>
  <system-out/>
  <testcase name="urlVerification" time="0.018" classname="TestNgtestcases.InitialTestCases"/>
  <system-out/>
</testsuite> <!-- TestNgtestcases.InitialTestCases -->
